<?xml version="1.0" encoding="UTF-8"?>
<!-- Generated by org.testng.reporters.JUnitReportReporter -->
<testsuite hostname="DESKTOP-7BP63UE" failures="0" tests="1" name="com.saag.POMTestCases.POMEbayProdSearchTest" time="8.124" errors="0" timestamp="2024-08-28T07:35:59 IST" skipped="0">
  <testcase classname="com.saag.POMTestCases.POMEbayProdSearchTest" name="productSearch" time="8.124">
    <system-out>
      <![CDATA[Ebay Product Search Test is Successful...]]>
    </system-out>
  </testcase> <!-- productSearch -->
  <system-out>
    <![CDATA[Ebay Product Search Test is Successful...]]>
  </system-out>
</testsuite> <!-- com.saag.POMTestCases.POMEbayProdSearchTest -->
