<?xml version="1.0" encoding="UTF-8"?>
<!-- Generated by org.testng.reporters.JUnitReportReporter -->
<testsuite hostname="DESKTOP-7BP63UE" failures="0" tests="1" name="testcases.EbayCategoryProdSearchTest" time="13.297" errors="0" timestamp="2024-08-26T19:03:01 IST" skipped="0">
  <testcase classname="testcases.EbayCategoryProdSearchTest" name="productsearch" time="13.297">
    <system-out>
      <![CDATA[under category product search was successful..]]>
    </system-out>
  </testcase> <!-- productsearch -->
  <system-out>
    <![CDATA[under category product search was successful..]]>
  </system-out>
</testsuite> <!-- testcases.EbayCategoryProdSearchTest -->
