<?xml version="1.0" encoding="UTF-8"?>
<!-- Generated by org.testng.reporters.JUnitReportReporter -->
<testsuite hostname="DESKTOP-7BP63UE" failures="0" tests="1" name="com.saag.POMTestCases.POMEbayProdCatSearchTest" time="6.426" errors="0" timestamp="2024-08-28T07:36:56 IST" skipped="0">
  <testcase classname="com.saag.POMTestCases.POMEbayProdCatSearchTest" name="catSearch" time="6.426">
    <system-out>
      <![CDATA[Ebay Product Search in a category Test is Successful...]]>
    </system-out>
  </testcase> <!-- catSearch -->
  <system-out>
    <![CDATA[Ebay Product Search in a category Test is Successful...]]>
  </system-out>
</testsuite> <!-- com.saag.POMTestCases.POMEbayProdCatSearchTest -->
