<?xml version="1.0" encoding="UTF-8"?>
<!-- Generated by org.testng.reporters.JUnitReportReporter -->
<testsuite hostname="DESKTOP-7BP63UE" failures="0" tests="2" name="com.saag.DataDrivenTestCases.DDFEbayProdSearchTest" time="18.491" errors="0" timestamp="2024-08-29T17:17:53 IST" skipped="0">
  <testcase classname="com.saag.DataDrivenTestCases.DDFEbayProdSearchTest" name="f" time="2.485"/>
  <testcase classname="com.saag.DataDrivenTestCases.DDFEbayProdSearchTest" name="f" time="16.006"/>
</testsuite> <!-- com.saag.DataDrivenTestCases.DDFEbayProdSearchTest -->
