<?xml version="1.0" encoding="UTF-8"?>
<!-- Generated by org.testng.reporters.JUnitReportReporter -->
<testsuite hostname="DESKTOP-7BP63UE" failures="0" tests="2" name="com.saag.DataDrivenTestCases.DDFEbayProdCatSearchTest" time="18.468" errors="0" timestamp="2024-08-29T17:31:11 IST" skipped="0">
  <testcase classname="com.saag.DataDrivenTestCases.DDFEbayProdCatSearchTest" name="f" time="3.984"/>
  <testcase classname="com.saag.DataDrivenTestCases.DDFEbayProdCatSearchTest" name="f" time="14.484"/>
</testsuite> <!-- com.saag.DataDrivenTestCases.DDFEbayProdCatSearchTest -->
