<?xml version="1.0" encoding="UTF-8"?>
<!-- Generated by org.testng.reporters.JUnitReportReporter -->
<testsuite hostname="DESKTOP-7BP63UE" failures="0" tests="1" name="com.saag.POMTestCases.ProductSearch" time="0.034" errors="0" timestamp="2024-08-27T14:34:18 IST" skipped="0">
  <testcase classname="com.saag.POMTestCases.ProductSearch" name="proSearch" time="0.034"/>
</testsuite> <!-- com.saag.POMTestCases.ProductSearch -->
