<?xml version="1.0" encoding="UTF-8"?>
<!-- Generated by org.testng.reporters.JUnitReportReporter -->
<testsuite hostname="DESKTOP-7BP63UE" failures="0" tests="1" name="testcases.EbayProdSearchTest" time="16.573" errors="0" timestamp="2024-08-27T14:52:38 IST" skipped="0">
  <testcase classname="testcases.EbayProdSearchTest" name="productsearch" time="16.573">
    <system-out>
      <![CDATA[product search was successful..]]>
    </system-out>
  </testcase> <!-- productsearch -->
  <system-out>
    <![CDATA[product search was successful..
under category product search was successful..]]>
  </system-out>
</testsuite> <!-- testcases.EbayProdSearchTest -->
